Determining if the pthread_create exist failed with the following output:
Change Dir: /home/sytasch/ROS/Hopper/catkin_ws/build/CMakeFiles/CMakeTmp

Run Build Command:"/usr/bin/make" "cmTC_3854c/fast"
/usr/bin/make -f CMakeFiles/cmTC_3854c.dir/build.make CMakeFiles/cmTC_3854c.dir/build
make[1]: Entering directory '/home/sytasch/ROS/Hopper/catkin_ws/build/CMakeFiles/CMakeTmp'
Building C object CMakeFiles/cmTC_3854c.dir/CheckSymbolExists.c.o
/usr/bin/cc     -o CMakeFiles/cmTC_3854c.dir/CheckSymbolExists.c.o   -c /home/sytasch/ROS/Hopper/catkin_ws/build/CMakeFiles/CMakeTmp/CheckSymbolExists.c
Linking C executable cmTC_3854c
/usr/bin/cmake -E cmake_link_script CMakeFiles/cmTC_3854c.dir/link.txt --verbose=1
/usr/bin/cc       CMakeFiles/cmTC_3854c.dir/CheckSymbolExists.c.o  -o cmTC_3854c -rdynamic 
CMakeFiles/cmTC_3854c.dir/CheckSymbolExists.c.o: In function `main':
CheckSymbolExists.c:(.text+0x16): undefined reference to `pthread_create'
collect2: error: ld returned 1 exit status
CMakeFiles/cmTC_3854c.dir/build.make:97: recipe for target 'cmTC_3854c' failed
make[1]: *** [cmTC_3854c] Error 1
make[1]: Leaving directory '/home/sytasch/ROS/Hopper/catkin_ws/build/CMakeFiles/CMakeTmp'
Makefile:126: recipe for target 'cmTC_3854c/fast' failed
make: *** [cmTC_3854c/fast] Error 2

File /home/sytasch/ROS/Hopper/catkin_ws/build/CMakeFiles/CMakeTmp/CheckSymbolExists.c:
/* */
#include <pthread.h>

int main(int argc, char** argv)
{
  (void)argv;
#ifndef pthread_create
  return ((int*)(&pthread_create))[argc];
#else
  (void)argc;
  return 0;
#endif
}

Determining if the function pthread_create exists in the pthreads failed with the following output:
Change Dir: /home/sytasch/ROS/Hopper/catkin_ws/build/CMakeFiles/CMakeTmp

Run Build Command:"/usr/bin/make" "cmTC_b284b/fast"
/usr/bin/make -f CMakeFiles/cmTC_b284b.dir/build.make CMakeFiles/cmTC_b284b.dir/build
make[1]: Entering directory '/home/sytasch/ROS/Hopper/catkin_ws/build/CMakeFiles/CMakeTmp'
Building C object CMakeFiles/cmTC_b284b.dir/CheckFunctionExists.c.o
/usr/bin/cc    -DCHECK_FUNCTION_EXISTS=pthread_create   -o CMakeFiles/cmTC_b284b.dir/CheckFunctionExists.c.o   -c /usr/share/cmake-3.5/Modules/CheckFunctionExists.c
Linking C executable cmTC_b284b
/usr/bin/cmake -E cmake_link_script CMakeFiles/cmTC_b284b.dir/link.txt --verbose=1
/usr/bin/cc   -DCHECK_FUNCTION_EXISTS=pthread_create    CMakeFiles/cmTC_b284b.dir/CheckFunctionExists.c.o  -o cmTC_b284b -rdynamic -lpthreads 
/usr/bin/ld: cannot find -lpthreads
collect2: error: ld returned 1 exit status
CMakeFiles/cmTC_b284b.dir/build.make:97: recipe for target 'cmTC_b284b' failed
make[1]: *** [cmTC_b284b] Error 1
make[1]: Leaving directory '/home/sytasch/ROS/Hopper/catkin_ws/build/CMakeFiles/CMakeTmp'
Makefile:126: recipe for target 'cmTC_b284b/fast' failed
make: *** [cmTC_b284b/fast] Error 2


